<?xml version="1.0" encoding="UTF-8"?>
<testng-results skipped="0" failed="0" total="4" passed="4">
  <reporter-output>
  </reporter-output>
  <suite name="ParallelExecution" duration-ms="19222" started-at="2016-09-16T13:40:56Z" finished-at="2016-09-16T13:41:15Z">
    <groups>
    </groups>
    <test name="Calculator" duration-ms="18672" started-at="2016-09-16T13:40:56Z" finished-at="2016-09-16T13:41:15Z">
      <class name="com.project.test.testEbay_extent">
        <test-method status="PASS" signature="setupCapabilities(java.lang.String, java.lang.String)[pri:0, instance:com.project.test.testEbay_extent@19d1a19]" name="setupCapabilities" is-config="true" duration-ms="5694" started-at="2016-09-16T19:10:56Z" finished-at="2016-09-16T19:11:02Z">
          <params>
            <param index="0">
              <value>
                <![CDATA[4723]]>
              </value>
            </param>
            <param index="1">
              <value>
                <![CDATA[0715f762c2ab2f3a]]>
              </value>
            </param>
          </params>
          <reporter-output>
          </reporter-output>
        </test-method> <!-- setupCapabilities -->
        <test-method status="PASS" signature="ebayCategory()[pri:0, instance:com.project.test.testEbay_extent@19d1a19]" name="ebayCategory" duration-ms="6833" started-at="2016-09-16T19:11:02Z" finished-at="2016-09-16T19:11:09Z">
          <reporter-output>
          </reporter-output>
        </test-method> <!-- ebayCategory -->
        <test-method status="PASS" signature="ebaySelling()[pri:0, instance:com.project.test.testEbay_extent@19d1a19]" name="ebaySelling" duration-ms="3364" started-at="2016-09-16T19:11:09Z" finished-at="2016-09-16T19:11:12Z">
          <reporter-output>
          </reporter-output>
        </test-method> <!-- ebaySelling -->
        <test-method status="PASS" signature="End()[pri:0, instance:com.project.test.testEbay_extent@19d1a19]" name="End" is-config="true" duration-ms="2759" started-at="2016-09-16T19:11:12Z" finished-at="2016-09-16T19:11:15Z">
          <reporter-output>
          </reporter-output>
        </test-method> <!-- End -->
      </class> <!-- com.project.test.testEbay_extent -->
    </test> <!-- Calculator -->
    <test name="Calculator2" duration-ms="19222" started-at="2016-09-16T13:40:56Z" finished-at="2016-09-16T13:41:15Z">
      <class name="com.project.test.testEbay_extent">
        <test-method status="PASS" signature="setupCapabilities(java.lang.String, java.lang.String)[pri:0, instance:com.project.test.testEbay_extent@bf9759]" name="setupCapabilities" is-config="true" duration-ms="5694" started-at="2016-09-16T19:10:56Z" finished-at="2016-09-16T19:11:02Z">
          <params>
            <param index="0">
              <value>
                <![CDATA[4725]]>
              </value>
            </param>
            <param index="1">
              <value>
                <![CDATA[0815f81a8dca1b01]]>
              </value>
            </param>
          </params>
          <reporter-output>
          </reporter-output>
        </test-method> <!-- setupCapabilities -->
        <test-method status="PASS" signature="ebayCategory()[pri:0, instance:com.project.test.testEbay_extent@bf9759]" name="ebayCategory" duration-ms="6780" started-at="2016-09-16T19:11:02Z" finished-at="2016-09-16T19:11:08Z">
          <reporter-output>
          </reporter-output>
        </test-method> <!-- ebayCategory -->
        <test-method status="PASS" signature="ebaySelling()[pri:0, instance:com.project.test.testEbay_extent@bf9759]" name="ebaySelling" duration-ms="4028" started-at="2016-09-16T19:11:08Z" finished-at="2016-09-16T19:11:13Z">
          <reporter-output>
          </reporter-output>
        </test-method> <!-- ebaySelling -->
        <test-method status="PASS" signature="End()[pri:0, instance:com.project.test.testEbay_extent@bf9759]" name="End" is-config="true" duration-ms="2698" started-at="2016-09-16T19:11:13Z" finished-at="2016-09-16T19:11:15Z">
          <reporter-output>
          </reporter-output>
        </test-method> <!-- End -->
      </class> <!-- com.project.test.testEbay_extent -->
    </test> <!-- Calculator2 -->
  </suite> <!-- ParallelExecution -->
</testng-results>
