<?xml version="1.0" encoding="UTF-8"?>
<testng-results skipped="0" failed="0" total="1" passed="1">
  <reporter-output>
  </reporter-output>
  <suite name="Default suite" duration-ms="16999" started-at="2016-08-24T11:34:15Z" finished-at="2016-08-24T11:34:32Z">
    <groups>
    </groups>
    <test name="Default test" duration-ms="16999" started-at="2016-08-24T11:34:15Z" finished-at="2016-08-24T11:34:32Z">
      <class name="test.testCalc">
        <test-method status="PASS" signature="setUp()[pri:0, instance:test.testCalc@a3ffec]" name="setUp" is-config="true" duration-ms="5646" started-at="2016-08-24T17:04:15Z" finished-at="2016-08-24T17:04:20Z">
          <reporter-output>
          </reporter-output>
        </test-method> <!-- setUp -->
        <test-method status="PASS" signature="Sum()[pri:0, instance:test.testCalc@a3ffec]" name="Sum" duration-ms="10372" started-at="2016-08-24T17:04:20Z" finished-at="2016-08-24T17:04:31Z">
          <reporter-output>
          </reporter-output>
        </test-method> <!-- Sum -->
        <test-method status="PASS" signature="End()[pri:0, instance:test.testCalc@a3ffec]" name="End" is-config="true" duration-ms="967" started-at="2016-08-24T17:04:31Z" finished-at="2016-08-24T17:04:32Z">
          <reporter-output>
          </reporter-output>
        </test-method> <!-- End -->
      </class> <!-- test.testCalc -->
    </test> <!-- Default test -->
  </suite> <!-- Default suite -->
</testng-results>
